Removed Pin From Net: NetName=Net10Uf_1 Pin=D?-1
Removed Pin From Net: NetName=Net10Uf_1 Pin=D?-1
Removed Pin From Net: NetName=Net10Uf_1 Pin=K?-A1
Removed Pin From Net: NetName=Net10Uf_1 Pin=K?-A1
Change Component Designator: OldDesignator=D? NewDesignator=D2
Change Component Designator: OldDesignator=D? NewDesignator=Diode 1
Change Component Designator: OldDesignator=K? NewDesignator=K1
Change Component Designator: OldDesignator=K? NewDesignator=K2
Added Pin To Net: NetName=Net10Uf_1 Pin=D2-1
Added Pin To Net: NetName=Net10Uf_1 Pin=Diode 1-1
Added Pin To Net: NetName=Net10Uf_1 Pin=K1-A1
Added Pin To Net: NetName=Net10Uf_1 Pin=K2-A1
Change Net Name : Old Net Name=NetD?_2 New Net Name=NetDiode 1_2
Added Pin To Net: NetName=NetD2_2 Pin=D2-2
Added Pin To Net: NetName=NetD2_2 Pin=K2-A2
Added Pin To Net: NetName=NetD2_2 Pin=Q?-1
Added Net: Name=NetD2_2
Added Member To Class: ClassName=Sheet1 Member=Component 10K MFR-25FBF52-10K
Added Member To Class: ClassName=Sheet1 Member=Component 10K MFR-25FBF52-10K
Added Member To Class: ClassName=Sheet1 Member=Component 10K MFR-25FBF52-10K
Added Member To Class: ClassName=Sheet1 Member=Component 10Uf ECA1HM100
Added Member To Class: ClassName=Sheet1 Member=Component D2 1N4007-E3/54
Added Member To Class: ClassName=Sheet1 Member=Component K2 SRD-05VDC-SL-C
Added Member To Class: ClassName=Sheet1 Member=Component Q? BC547CG
