Change Component Footprint: Designator=R? Old Footprint=RESC0402(1005)_L New Footprint=RESA60-630X240
Change Component Footprint: Designator=R? Old Footprint=RESC0402(1005)_L New Footprint=RESA60-630X240
Change Component Comment : Designator=R? Old Comment=10KR2F New Comment=MFR-25FBF52-10K
Change Component Comment : Designator=R? Old Comment=10KR2F New Comment=MFR-25FBF52-10K
Change Managed Component Library Link : Designator=R? Old VaultGUID=3F673064-BB45-458B-A7BE-E46F3C5DFF23 New VaultGUID=3F673064-BB45-458B-A7BE-E46F3C5DFF23 Old ItemGUID=2BFDCC17-E586-42FB-B982-E686147A5F7D New ItemGUID=F24B4F0E-C928-4C56-99CF-8AF288AE0065 Old RevisionGUID=CE816F7B-6430-4508-8A13-AFA4D250897C New RevisionGUID=371B4F74-0A0E-4107-96AE-0971D5CD8C2D
Change Managed Component Library Link : Designator=R? Old VaultGUID=3F673064-BB45-458B-A7BE-E46F3C5DFF23 New VaultGUID=3F673064-BB45-458B-A7BE-E46F3C5DFF23 Old ItemGUID=2BFDCC17-E586-42FB-B982-E686147A5F7D New ItemGUID=F24B4F0E-C928-4C56-99CF-8AF288AE0065 Old RevisionGUID=CE816F7B-6430-4508-8A13-AFA4D250897C New RevisionGUID=371B4F74-0A0E-4107-96AE-0971D5CD8C2D
Change component parameters: Designator = "R?" ("R?"); Footprint = "RESC0402(1005)_L"; UniqueID = "\EDTULCQB" ("\EDTULCQB")
Change component parameters (AddParameter): Name = "Case/Package"; Value = "Axial"; VariantName = "[No Variations]"
Change component parameters (AddParameter): Name = "Datasheet URL"; Value = "http://www.yageo.com/documents/recent/Yageo%20LR_MFR_2013.pdf"; VariantName = "[No Variations]"
Change component parameters (AddParameter): Name = "Datasheet Version"; Value = "Apr-13"; VariantName = "[No Variations]"
Change component parameters (AddParameter): Name = "Manufacturer"; Value = "Yageo"; VariantName = "[No Variations]"
Change component parameters (AddParameter): Name = "Manufacturer URL"; Value = "http://www.yageo.com/"; VariantName = "[No Variations]"
Change component parameters (AddParameter): Name = "Max Operating Temperature"; Value = "155°C"; VariantName = "[No Variations]"
Change component parameters (AddParameter): Name = "Min Operating Temperature"; Value = "-55°C"; VariantName = "[No Variations]"
Change component parameters (AddParameter): Name = "Mounting Technology"; Value = "TH"; VariantName = "[No Variations]"
Change component parameters (AddParameter): Name = "Package Description"; Value = "2-Pin Axial Lead, Dia 2.4 mm, Body Length 6.3 mm"; VariantName = "[No Variations]"
Change component parameters (AddParameter): Name = "Package Quantity"; Value = "200"; VariantName = "[No Variations]"
Change component parameters (AddParameter): Name = "Package Reference"; Value = "MFR-25"; VariantName = "[No Variations]"
Change component parameters (AddParameter): Name = "Packaging"; Value = "Bulk"; VariantName = "[No Variations]"
Change component parameters (AddParameter): Name = "Pins"; Value = ""; VariantName = "[No Variations]"
Change component parameters (AddParameter): Name = "Power"; Value = "250mW"; VariantName = "[No Variations]"
Change component parameters (AddParameter): Name = "RoHS Compliant"; Value = "True"; VariantName = "[No Variations]"
Change component parameters (AddParameter): Name = "Tolerance"; Value = "1%"; VariantName = "[No Variations]"
Change component parameters (AddParameter): Name = "Value"; Value = "10k"; VariantName = "[No Variations]"
Change component parameters (AddParameter): Name = "Voltage Rating"; Value = "250V"; VariantName = "[No Variations]"
Change component parameters: Designator = "R?" ("R?"); Footprint = "RESC0402(1005)_L"; UniqueID = "\GZVROTQA" ("\GZVROTQA")
Change component parameters (AddParameter): Name = "Case/Package"; Value = "Axial"; VariantName = "[No Variations]"
Change component parameters (AddParameter): Name = "Datasheet URL"; Value = "http://www.yageo.com/documents/recent/Yageo%20LR_MFR_2013.pdf"; VariantName = "[No Variations]"
Change component parameters (AddParameter): Name = "Datasheet Version"; Value = "Apr-13"; VariantName = "[No Variations]"
Change component parameters (AddParameter): Name = "Manufacturer"; Value = "Yageo"; VariantName = "[No Variations]"
Change component parameters (AddParameter): Name = "Manufacturer URL"; Value = "http://www.yageo.com/"; VariantName = "[No Variations]"
Change component parameters (AddParameter): Name = "Max Operating Temperature"; Value = "155°C"; VariantName = "[No Variations]"
Change component parameters (AddParameter): Name = "Min Operating Temperature"; Value = "-55°C"; VariantName = "[No Variations]"
Change component parameters (AddParameter): Name = "Mounting Technology"; Value = "TH"; VariantName = "[No Variations]"
Change component parameters (AddParameter): Name = "Package Description"; Value = "2-Pin Axial Lead, Dia 2.4 mm, Body Length 6.3 mm"; VariantName = "[No Variations]"
Change component parameters (AddParameter): Name = "Package Quantity"; Value = "200"; VariantName = "[No Variations]"
Change component parameters (AddParameter): Name = "Package Reference"; Value = "MFR-25"; VariantName = "[No Variations]"
Change component parameters (AddParameter): Name = "Packaging"; Value = "Bulk"; VariantName = "[No Variations]"
Change component parameters (AddParameter): Name = "Pins"; Value = ""; VariantName = "[No Variations]"
Change component parameters (AddParameter): Name = "Power"; Value = "250mW"; VariantName = "[No Variations]"
Change component parameters (AddParameter): Name = "RoHS Compliant"; Value = "True"; VariantName = "[No Variations]"
Change component parameters (AddParameter): Name = "Tolerance"; Value = "1%"; VariantName = "[No Variations]"
Change component parameters (AddParameter): Name = "Value"; Value = "10k"; VariantName = "[No Variations]"
Change component parameters (AddParameter): Name = "Voltage Rating"; Value = "250V"; VariantName = "[No Variations]"
Added Member To Class: ClassName=Sheet1 Member=Component C? ECA1HM100
Added Member To Class: ClassName=Sheet1 Member=Component R? MFR-25FBF52-10K
